[ 2016-02-24T11:54:40+08:00 ] 101.81.116.228 /shiyantp/
INFO: [ app_init ] --START--
INFO: Run Behavior\BuildLiteBehavior [ RunTime:0.000000s ]
INFO: [ app_init ] --END-- [ RunTime:0.000000s ]
INFO: [ app_begin ] --START--
INFO: Run Behavior\ReadHtmlCacheBehavior [ RunTime:0.000000s ]
INFO: [ app_begin ] --END-- [ RunTime:0.000000s ]
INFO: [ view_parse ] --START--
INFO: [ template_filter ] --START--
INFO: Run Behavior\ContentReplaceBehavior [ RunTime:0.000000s ]
INFO: [ template_filter ] --END-- [ RunTime:0.000000s ]
INFO: Run Behavior\ParseTemplateBehavior [ RunTime:0.000000s ]
INFO: [ view_parse ] --END-- [ RunTime:0.000000s ]
INFO: [ view_filter ] --START--
INFO: Run Behavior\WriteHtmlCacheBehavior [ RunTime:0.000000s ]
INFO: [ view_filter ] --END-- [ RunTime:0.000000s ]
INFO: [ app_end ] --START--
INFO: Run Behavior\ShowPageTraceBehavior [ RunTime:0.000000s ]
INFO: [ app_end ] --END-- [ RunTime:0.000000s ]

[ 2016-02-24T11:54:41+08:00 ] 101.81.116.228 /shiyantp/index.php/Home/Index/jm.html
INFO: [ app_init ] --START--
INFO: Run Behavior\BuildLiteBehavior [ RunTime:0.000000s ]
INFO: [ app_init ] --END-- [ RunTime:0.000000s ]
INFO: [ app_begin ] --START--
INFO: Run Behavior\ReadHtmlCacheBehavior [ RunTime:0.000000s ]
INFO: [ app_begin ] --END-- [ RunTime:0.000000s ]
INFO: [ app_end ] --START--
INFO: Run Behavior\ShowPageTraceBehavior [ RunTime:0.000000s ]
INFO: [ app_end ] --END-- [ RunTime:0.000000s ]

[ 2016-02-24T11:56:11+08:00 ] 101.81.116.228 /shiyantp/
INFO: [ app_init ] --START--
INFO: Run Behavior\BuildLiteBehavior [ RunTime:0.000000s ]
INFO: [ app_init ] --END-- [ RunTime:0.000000s ]
INFO: [ app_begin ] --START--
INFO: Run Behavior\ReadHtmlCacheBehavior [ RunTime:0.000000s ]
INFO: [ app_begin ] --END-- [ RunTime:0.000000s ]
INFO: [ view_parse ] --START--
INFO: [ template_filter ] --START--
INFO: Run Behavior\ContentReplaceBehavior [ RunTime:0.000000s ]
INFO: [ template_filter ] --END-- [ RunTime:0.000000s ]
INFO: Run Behavior\ParseTemplateBehavior [ RunTime:0.015625s ]
INFO: [ view_parse ] --END-- [ RunTime:0.015625s ]
INFO: [ view_filter ] --START--
INFO: Run Behavior\WriteHtmlCacheBehavior [ RunTime:0.000000s ]
INFO: [ view_filter ] --END-- [ RunTime:0.000000s ]
INFO: [ app_end ] --START--
INFO: Run Behavior\ShowPageTraceBehavior [ RunTime:0.000000s ]
INFO: [ app_end ] --END-- [ RunTime:0.000000s ]

[ 2016-02-24T11:56:12+08:00 ] 101.81.116.228 /shiyantp/index.php/Home/Index/jm.html
INFO: [ app_init ] --START--
INFO: Run Behavior\BuildLiteBehavior [ RunTime:0.000000s ]
INFO: [ app_init ] --END-- [ RunTime:0.000000s ]
INFO: [ app_begin ] --START--
INFO: Run Behavior\ReadHtmlCacheBehavior [ RunTime:0.000000s ]
INFO: [ app_begin ] --END-- [ RunTime:0.000000s ]
INFO: [ app_end ] --START--
INFO: Run Behavior\ShowPageTraceBehavior [ RunTime:0.000000s ]
INFO: [ app_end ] --END-- [ RunTime:0.000000s ]

[ 2016-02-24T11:56:28+08:00 ] 101.81.116.228 /shiyantp/
INFO: [ app_init ] --START--
INFO: Run Behavior\BuildLiteBehavior [ RunTime:0.000000s ]
INFO: [ app_init ] --END-- [ RunTime:0.000000s ]
INFO: [ app_begin ] --START--
INFO: Run Behavior\ReadHtmlCacheBehavior [ RunTime:0.000000s ]
INFO: [ app_begin ] --END-- [ RunTime:0.000000s ]
INFO: [ view_parse ] --START--
INFO: [ template_filter ] --START--
INFO: Run Behavior\ContentReplaceBehavior [ RunTime:0.000000s ]
INFO: [ template_filter ] --END-- [ RunTime:0.000000s ]
INFO: Run Behavior\ParseTemplateBehavior [ RunTime:0.000000s ]
INFO: [ view_parse ] --END-- [ RunTime:0.000000s ]
INFO: [ view_filter ] --START--
INFO: Run Behavior\WriteHtmlCacheBehavior [ RunTime:0.000000s ]
INFO: [ view_filter ] --END-- [ RunTime:0.000000s ]
INFO: [ app_end ] --START--
INFO: Run Behavior\ShowPageTraceBehavior [ RunTime:0.000000s ]
INFO: [ app_end ] --END-- [ RunTime:0.000000s ]

[ 2016-02-24T11:56:33+08:00 ] 101.81.116.228 /shiyantp/
INFO: [ app_init ] --START--
INFO: Run Behavior\BuildLiteBehavior [ RunTime:0.000000s ]
INFO: [ app_init ] --END-- [ RunTime:0.000000s ]
INFO: [ app_begin ] --START--
INFO: Run Behavior\ReadHtmlCacheBehavior [ RunTime:0.000000s ]
INFO: [ app_begin ] --END-- [ RunTime:0.000000s ]
INFO: [ view_parse ] --START--
INFO: [ template_filter ] --START--
INFO: Run Behavior\ContentReplaceBehavior [ RunTime:0.000000s ]
INFO: [ template_filter ] --END-- [ RunTime:0.000000s ]
INFO: Run Behavior\ParseTemplateBehavior [ RunTime:0.000000s ]
INFO: [ view_parse ] --END-- [ RunTime:0.000000s ]
INFO: [ view_filter ] --START--
INFO: Run Behavior\WriteHtmlCacheBehavior [ RunTime:0.000000s ]
INFO: [ view_filter ] --END-- [ RunTime:0.000000s ]
INFO: [ app_end ] --START--
INFO: Run Behavior\ShowPageTraceBehavior [ RunTime:0.000000s ]
INFO: [ app_end ] --END-- [ RunTime:0.000000s ]

[ 2016-02-24T11:56:35+08:00 ] 101.81.116.228 /shiyantp/
INFO: [ app_init ] --START--
INFO: Run Behavior\BuildLiteBehavior [ RunTime:0.000000s ]
INFO: [ app_init ] --END-- [ RunTime:0.000000s ]
INFO: [ app_begin ] --START--
INFO: Run Behavior\ReadHtmlCacheBehavior [ RunTime:0.000000s ]
INFO: [ app_begin ] --END-- [ RunTime:0.000000s ]
INFO: [ view_parse ] --START--
INFO: [ template_filter ] --START--
INFO: Run Behavior\ContentReplaceBehavior [ RunTime:0.000000s ]
INFO: [ template_filter ] --END-- [ RunTime:0.000000s ]
INFO: Run Behavior\ParseTemplateBehavior [ RunTime:0.015625s ]
INFO: [ view_parse ] --END-- [ RunTime:0.015625s ]
INFO: [ view_filter ] --START--
INFO: Run Behavior\WriteHtmlCacheBehavior [ RunTime:0.000000s ]
INFO: [ view_filter ] --END-- [ RunTime:0.000000s ]
INFO: [ app_end ] --START--
INFO: Run Behavior\ShowPageTraceBehavior [ RunTime:0.000000s ]
INFO: [ app_end ] --END-- [ RunTime:0.000000s ]

[ 2016-02-24T11:57:15+08:00 ] 101.81.116.228 /shiyantp/
INFO: [ app_init ] --START--
INFO: Run Behavior\BuildLiteBehavior [ RunTime:0.000000s ]
INFO: [ app_init ] --END-- [ RunTime:0.000000s ]
INFO: [ app_begin ] --START--
INFO: Run Behavior\ReadHtmlCacheBehavior [ RunTime:0.000000s ]
INFO: [ app_begin ] --END-- [ RunTime:0.000000s ]
INFO: [ view_parse ] --START--
INFO: [ template_filter ] --START--
INFO: Run Behavior\ContentReplaceBehavior [ RunTime:0.000000s ]
INFO: [ template_filter ] --END-- [ RunTime:0.000000s ]
INFO: Run Behavior\ParseTemplateBehavior [ RunTime:0.015625s ]
INFO: [ view_parse ] --END-- [ RunTime:0.015625s ]
INFO: [ view_filter ] --START--
INFO: Run Behavior\WriteHtmlCacheBehavior [ RunTime:0.000000s ]
INFO: [ view_filter ] --END-- [ RunTime:0.000000s ]
INFO: [ app_end ] --START--
INFO: Run Behavior\ShowPageTraceBehavior [ RunTime:0.000000s ]
INFO: [ app_end ] --END-- [ RunTime:0.000000s ]

[ 2016-02-24T11:57:20+08:00 ] 101.81.116.228 /shiyantp/
INFO: [ app_init ] --START--
INFO: Run Behavior\BuildLiteBehavior [ RunTime:0.000000s ]
INFO: [ app_init ] --END-- [ RunTime:0.000000s ]
INFO: [ app_begin ] --START--
INFO: Run Behavior\ReadHtmlCacheBehavior [ RunTime:0.000000s ]
INFO: [ app_begin ] --END-- [ RunTime:0.000000s ]
INFO: [ view_parse ] --START--
INFO: [ template_filter ] --START--
INFO: Run Behavior\ContentReplaceBehavior [ RunTime:0.000000s ]
INFO: [ template_filter ] --END-- [ RunTime:0.000000s ]
INFO: Run Behavior\ParseTemplateBehavior [ RunTime:0.015625s ]
INFO: [ view_parse ] --END-- [ RunTime:0.015625s ]
INFO: [ view_filter ] --START--
INFO: Run Behavior\WriteHtmlCacheBehavior [ RunTime:0.000000s ]
INFO: [ view_filter ] --END-- [ RunTime:0.000000s ]
INFO: [ app_end ] --START--
INFO: Run Behavior\ShowPageTraceBehavior [ RunTime:0.000000s ]
INFO: [ app_end ] --END-- [ RunTime:0.000000s ]

[ 2016-02-24T11:57:22+08:00 ] 101.81.116.228 /shiyantp/index.php/Home/Index/jm.html
INFO: [ app_init ] --START--
INFO: Run Behavior\BuildLiteBehavior [ RunTime:0.000000s ]
INFO: [ app_init ] --END-- [ RunTime:0.000000s ]
INFO: [ app_begin ] --START--
INFO: Run Behavior\ReadHtmlCacheBehavior [ RunTime:0.000000s ]
INFO: [ app_begin ] --END-- [ RunTime:0.000000s ]
INFO: [ app_end ] --START--
INFO: Run Behavior\ShowPageTraceBehavior [ RunTime:0.000000s ]
INFO: [ app_end ] --END-- [ RunTime:0.000000s ]

[ 2016-02-24T11:57:33+08:00 ] 101.81.116.228 /shiyantp/
INFO: [ app_init ] --START--
INFO: Run Behavior\BuildLiteBehavior [ RunTime:0.000000s ]
INFO: [ app_init ] --END-- [ RunTime:0.000000s ]
INFO: [ app_begin ] --START--
INFO: Run Behavior\ReadHtmlCacheBehavior [ RunTime:0.000000s ]
INFO: [ app_begin ] --END-- [ RunTime:0.000000s ]
INFO: [ view_parse ] --START--
INFO: [ template_filter ] --START--
INFO: Run Behavior\ContentReplaceBehavior [ RunTime:0.000000s ]
INFO: [ template_filter ] --END-- [ RunTime:0.000000s ]
INFO: Run Behavior\ParseTemplateBehavior [ RunTime:0.015625s ]
INFO: [ view_parse ] --END-- [ RunTime:0.015625s ]
INFO: [ view_filter ] --START--
INFO: Run Behavior\WriteHtmlCacheBehavior [ RunTime:0.000000s ]
INFO: [ view_filter ] --END-- [ RunTime:0.000000s ]
INFO: [ app_end ] --START--
INFO: Run Behavior\ShowPageTraceBehavior [ RunTime:0.000000s ]
INFO: [ app_end ] --END-- [ RunTime:0.000000s ]

[ 2016-02-24T11:57:33+08:00 ] 101.81.116.228 /shiyantp/index.php/Home/Index/jm.html
INFO: [ app_init ] --START--
INFO: Run Behavior\BuildLiteBehavior [ RunTime:0.000000s ]
INFO: [ app_init ] --END-- [ RunTime:0.000000s ]
INFO: [ app_begin ] --START--
INFO: Run Behavior\ReadHtmlCacheBehavior [ RunTime:0.000000s ]
INFO: [ app_begin ] --END-- [ RunTime:0.000000s ]
INFO: [ app_end ] --START--
INFO: Run Behavior\ShowPageTraceBehavior [ RunTime:0.000000s ]
INFO: [ app_end ] --END-- [ RunTime:0.000000s ]

[ 2016-02-24T11:57:57+08:00 ] 101.81.116.228 /shiyantp/
INFO: [ app_init ] --START--
INFO: Run Behavior\BuildLiteBehavior [ RunTime:0.000000s ]
INFO: [ app_init ] --END-- [ RunTime:0.000000s ]
INFO: [ app_begin ] --START--
INFO: Run Behavior\ReadHtmlCacheBehavior [ RunTime:0.000000s ]
INFO: [ app_begin ] --END-- [ RunTime:0.000000s ]
INFO: [ view_parse ] --START--
INFO: [ template_filter ] --START--
INFO: Run Behavior\ContentReplaceBehavior [ RunTime:0.000000s ]
INFO: [ template_filter ] --END-- [ RunTime:0.000000s ]
INFO: Run Behavior\ParseTemplateBehavior [ RunTime:0.015625s ]
INFO: [ view_parse ] --END-- [ RunTime:0.015625s ]
INFO: [ view_filter ] --START--
INFO: Run Behavior\WriteHtmlCacheBehavior [ RunTime:0.000000s ]
INFO: [ view_filter ] --END-- [ RunTime:0.000000s ]
INFO: [ app_end ] --START--
INFO: Run Behavior\ShowPageTraceBehavior [ RunTime:0.000000s ]
INFO: [ app_end ] --END-- [ RunTime:0.000000s ]

[ 2016-02-24T11:57:59+08:00 ] 101.81.116.228 /shiyantp/
INFO: [ app_init ] --START--
INFO: Run Behavior\BuildLiteBehavior [ RunTime:0.000000s ]
INFO: [ app_init ] --END-- [ RunTime:0.000000s ]
INFO: [ app_begin ] --START--
INFO: Run Behavior\ReadHtmlCacheBehavior [ RunTime:0.000000s ]
INFO: [ app_begin ] --END-- [ RunTime:0.000000s ]
INFO: [ view_parse ] --START--
INFO: [ template_filter ] --START--
INFO: Run Behavior\ContentReplaceBehavior [ RunTime:0.000000s ]
INFO: [ template_filter ] --END-- [ RunTime:0.000000s ]
INFO: Run Behavior\ParseTemplateBehavior [ RunTime:0.000000s ]
INFO: [ view_parse ] --END-- [ RunTime:0.000000s ]
INFO: [ view_filter ] --START--
INFO: Run Behavior\WriteHtmlCacheBehavior [ RunTime:0.000000s ]
INFO: [ view_filter ] --END-- [ RunTime:0.000000s ]
INFO: [ app_end ] --START--
INFO: Run Behavior\ShowPageTraceBehavior [ RunTime:0.000000s ]
INFO: [ app_end ] --END-- [ RunTime:0.000000s ]

[ 2016-02-24T11:58:01+08:00 ] 101.81.116.228 /shiyantp/index.php/Home/Index/jm.html
INFO: [ app_init ] --START--
INFO: Run Behavior\BuildLiteBehavior [ RunTime:0.000000s ]
INFO: [ app_init ] --END-- [ RunTime:0.000000s ]
INFO: [ app_begin ] --START--
INFO: Run Behavior\ReadHtmlCacheBehavior [ RunTime:0.000000s ]
INFO: [ app_begin ] --END-- [ RunTime:0.000000s ]
INFO: [ app_end ] --START--
INFO: Run Behavior\ShowPageTraceBehavior [ RunTime:0.000000s ]
INFO: [ app_end ] --END-- [ RunTime:0.000000s ]

[ 2016-02-24T11:58:14+08:00 ] 101.81.116.228 /shiyantp/
INFO: [ app_init ] --START--
INFO: Run Behavior\BuildLiteBehavior [ RunTime:0.000000s ]
INFO: [ app_init ] --END-- [ RunTime:0.000000s ]
INFO: [ app_begin ] --START--
INFO: Run Behavior\ReadHtmlCacheBehavior [ RunTime:0.000000s ]
INFO: [ app_begin ] --END-- [ RunTime:0.000000s ]
INFO: [ view_parse ] --START--
INFO: [ template_filter ] --START--
INFO: Run Behavior\ContentReplaceBehavior [ RunTime:0.000000s ]
INFO: [ template_filter ] --END-- [ RunTime:0.000000s ]
INFO: Run Behavior\ParseTemplateBehavior [ RunTime:0.015625s ]
INFO: [ view_parse ] --END-- [ RunTime:0.015625s ]
INFO: [ view_filter ] --START--
INFO: Run Behavior\WriteHtmlCacheBehavior [ RunTime:0.000000s ]
INFO: [ view_filter ] --END-- [ RunTime:0.000000s ]
INFO: [ app_end ] --START--
INFO: Run Behavior\ShowPageTraceBehavior [ RunTime:0.000000s ]
INFO: [ app_end ] --END-- [ RunTime:0.000000s ]

[ 2016-02-24T11:58:16+08:00 ] 101.81.116.228 /shiyantp/
INFO: [ app_init ] --START--
INFO: Run Behavior\BuildLiteBehavior [ RunTime:0.000000s ]
INFO: [ app_init ] --END-- [ RunTime:0.000000s ]
INFO: [ app_begin ] --START--
INFO: Run Behavior\ReadHtmlCacheBehavior [ RunTime:0.000000s ]
INFO: [ app_begin ] --END-- [ RunTime:0.000000s ]
INFO: [ view_parse ] --START--
INFO: [ template_filter ] --START--
INFO: Run Behavior\ContentReplaceBehavior [ RunTime:0.000000s ]
INFO: [ template_filter ] --END-- [ RunTime:0.000000s ]
INFO: Run Behavior\ParseTemplateBehavior [ RunTime:0.015625s ]
INFO: [ view_parse ] --END-- [ RunTime:0.015625s ]
INFO: [ view_filter ] --START--
INFO: Run Behavior\WriteHtmlCacheBehavior [ RunTime:0.000000s ]
INFO: [ view_filter ] --END-- [ RunTime:0.000000s ]
INFO: [ app_end ] --START--
INFO: Run Behavior\ShowPageTraceBehavior [ RunTime:0.000000s ]
INFO: [ app_end ] --END-- [ RunTime:0.000000s ]

[ 2016-02-24T11:58:16+08:00 ] 101.81.116.228 /shiyantp/index.php/Home/Index/jm.html
INFO: [ app_init ] --START--
INFO: Run Behavior\BuildLiteBehavior [ RunTime:0.000000s ]
INFO: [ app_init ] --END-- [ RunTime:0.000000s ]
INFO: [ app_begin ] --START--
INFO: Run Behavior\ReadHtmlCacheBehavior [ RunTime:0.000000s ]
INFO: [ app_begin ] --END-- [ RunTime:0.000000s ]
INFO: [ app_end ] --START--
INFO: Run Behavior\ShowPageTraceBehavior [ RunTime:0.000000s ]
INFO: [ app_end ] --END-- [ RunTime:0.000000s ]

[ 2016-02-24T11:59:08+08:00 ] 101.81.116.228 /shiyantp/
INFO: [ app_init ] --START--
INFO: Run Behavior\BuildLiteBehavior [ RunTime:0.000000s ]
INFO: [ app_init ] --END-- [ RunTime:0.000000s ]
INFO: [ app_begin ] --START--
INFO: Run Behavior\ReadHtmlCacheBehavior [ RunTime:0.000000s ]
INFO: [ app_begin ] --END-- [ RunTime:0.000000s ]
INFO: [ view_parse ] --START--
INFO: [ template_filter ] --START--
INFO: Run Behavior\ContentReplaceBehavior [ RunTime:0.000000s ]
INFO: [ template_filter ] --END-- [ RunTime:0.000000s ]
INFO: Run Behavior\ParseTemplateBehavior [ RunTime:0.000000s ]
INFO: [ view_parse ] --END-- [ RunTime:0.000000s ]
INFO: [ view_filter ] --START--
INFO: Run Behavior\WriteHtmlCacheBehavior [ RunTime:0.000000s ]
INFO: [ view_filter ] --END-- [ RunTime:0.000000s ]
INFO: [ app_end ] --START--
INFO: Run Behavior\ShowPageTraceBehavior [ RunTime:0.015625s ]
INFO: [ app_end ] --END-- [ RunTime:0.015625s ]

[ 2016-02-24T11:59:08+08:00 ] 101.81.116.228 /shiyantp/index.php/Home/Index/jm.html
INFO: [ app_init ] --START--
INFO: Run Behavior\BuildLiteBehavior [ RunTime:0.000000s ]
INFO: [ app_init ] --END-- [ RunTime:0.000000s ]
INFO: [ app_begin ] --START--
INFO: Run Behavior\ReadHtmlCacheBehavior [ RunTime:0.000000s ]
INFO: [ app_begin ] --END-- [ RunTime:0.000000s ]

[ 2016-02-24T11:59:21+08:00 ] 101.81.116.228 /shiyantp/
INFO: [ app_init ] --START--
INFO: Run Behavior\BuildLiteBehavior [ RunTime:0.000000s ]
INFO: [ app_init ] --END-- [ RunTime:0.000000s ]
INFO: [ app_begin ] --START--
INFO: Run Behavior\ReadHtmlCacheBehavior [ RunTime:0.000000s ]
INFO: [ app_begin ] --END-- [ RunTime:0.000000s ]
INFO: [ view_parse ] --START--
INFO: [ template_filter ] --START--
INFO: Run Behavior\ContentReplaceBehavior [ RunTime:0.000000s ]
INFO: [ template_filter ] --END-- [ RunTime:0.000000s ]
INFO: Run Behavior\ParseTemplateBehavior [ RunTime:0.000000s ]
INFO: [ view_parse ] --END-- [ RunTime:0.000000s ]
INFO: [ view_filter ] --START--
INFO: Run Behavior\WriteHtmlCacheBehavior [ RunTime:0.000000s ]
INFO: [ view_filter ] --END-- [ RunTime:0.000000s ]
INFO: [ app_end ] --START--
INFO: Run Behavior\ShowPageTraceBehavior [ RunTime:0.000000s ]
INFO: [ app_end ] --END-- [ RunTime:0.000000s ]

[ 2016-02-24T11:59:24+08:00 ] 101.81.116.228 /shiyantp/
INFO: [ app_init ] --START--
INFO: Run Behavior\BuildLiteBehavior [ RunTime:0.000000s ]
INFO: [ app_init ] --END-- [ RunTime:0.000000s ]
INFO: [ app_begin ] --START--
INFO: Run Behavior\ReadHtmlCacheBehavior [ RunTime:0.000000s ]
INFO: [ app_begin ] --END-- [ RunTime:0.000000s ]
INFO: [ view_parse ] --START--
INFO: [ template_filter ] --START--
INFO: Run Behavior\ContentReplaceBehavior [ RunTime:0.000000s ]
INFO: [ template_filter ] --END-- [ RunTime:0.000000s ]
INFO: Run Behavior\ParseTemplateBehavior [ RunTime:0.000000s ]
INFO: [ view_parse ] --END-- [ RunTime:0.000000s ]
INFO: [ view_filter ] --START--
INFO: Run Behavior\WriteHtmlCacheBehavior [ RunTime:0.000000s ]
INFO: [ view_filter ] --END-- [ RunTime:0.000000s ]
INFO: [ app_end ] --START--
INFO: Run Behavior\ShowPageTraceBehavior [ RunTime:0.000000s ]
INFO: [ app_end ] --END-- [ RunTime:0.000000s ]

[ 2016-02-24T11:59:24+08:00 ] 101.81.116.228 /shiyantp/index.php/Home/Index/jm.html
INFO: [ app_init ] --START--
INFO: Run Behavior\BuildLiteBehavior [ RunTime:0.000000s ]
INFO: [ app_init ] --END-- [ RunTime:0.000000s ]
INFO: [ app_begin ] --START--
INFO: Run Behavior\ReadHtmlCacheBehavior [ RunTime:0.000000s ]
INFO: [ app_begin ] --END-- [ RunTime:0.000000s ]

[ 2016-02-24T13:18:23+08:00 ] 101.81.116.228 /shiyantp/
INFO: [ app_init ] --START--
INFO: Run Behavior\BuildLiteBehavior [ RunTime:0.000000s ]
INFO: [ app_init ] --END-- [ RunTime:0.000000s ]
INFO: [ app_begin ] --START--
INFO: Run Behavior\ReadHtmlCacheBehavior [ RunTime:0.000000s ]
INFO: [ app_begin ] --END-- [ RunTime:0.000000s ]
INFO: [ view_parse ] --START--
INFO: [ template_filter ] --START--
INFO: Run Behavior\ContentReplaceBehavior [ RunTime:0.000000s ]
INFO: [ template_filter ] --END-- [ RunTime:0.000000s ]
INFO: Run Behavior\ParseTemplateBehavior [ RunTime:0.000000s ]
INFO: [ view_parse ] --END-- [ RunTime:0.000000s ]
INFO: [ view_filter ] --START--
INFO: Run Behavior\WriteHtmlCacheBehavior [ RunTime:0.000000s ]
INFO: [ view_filter ] --END-- [ RunTime:0.000000s ]
INFO: [ app_end ] --START--
INFO: Run Behavior\ShowPageTraceBehavior [ RunTime:0.000000s ]
INFO: [ app_end ] --END-- [ RunTime:0.000000s ]

[ 2016-02-24T13:18:25+08:00 ] 101.81.116.228 /shiyantp/index.php/Home/Index/jm.html
INFO: [ app_init ] --START--
INFO: Run Behavior\BuildLiteBehavior [ RunTime:0.000000s ]
INFO: [ app_init ] --END-- [ RunTime:0.000000s ]
INFO: [ app_begin ] --START--
INFO: Run Behavior\ReadHtmlCacheBehavior [ RunTime:0.000000s ]
INFO: [ app_begin ] --END-- [ RunTime:0.000000s ]
NOTIC: [8] Use of undefined constant TOKEN - assumed 'TOKEN' C:\WWW\test\shiyantp\aimeiya\Home\Controller\IndexController.class.php 第 115 行.
NOTIC: [8] Undefined variable: lan C:\WWW\test\shiyantp\aimeiya\Home\Controller\IndexController.class.php 第 29 行.
NOTIC: [8] Undefined variable: lat C:\WWW\test\shiyantp\aimeiya\Home\Controller\IndexController.class.php 第 29 行.
NOTIC: [8] Undefined variable: distance C:\WWW\test\shiyantp\aimeiya\Home\Controller\IndexController.class.php 第 29 行.
NOTIC: [2] Missing argument 2 for Home\Controller\IndexController::curlPost(), called in C:\WWW\test\shiyantp\aimeiya\Home\Controller\IndexController.class.php on line 29 and defined C:\WWW\test\shiyantp\aimeiya\Home\Controller\IndexController.class.php 第 78 行.
NOTIC: [8] Undefined variable: curl C:\WWW\test\shiyantp\aimeiya\Home\Controller\IndexController.class.php 第 85 行.
NOTIC: [2] curl_setopt() expects parameter 1 to be resource, null given C:\WWW\test\shiyantp\aimeiya\Home\Controller\IndexController.class.php 第 85 行.
NOTIC: [8] Undefined variable: data C:\WWW\test\shiyantp\aimeiya\Home\Controller\IndexController.class.php 第 89 行.
NOTIC: [8] Undefined index: errcode C:\WWW\test\shiyantp\aimeiya\Home\Controller\IndexController.class.php 第 97 行.
NOTIC: [8] Undefined index: media_id C:\WWW\test\shiyantp\aimeiya\Home\Controller\IndexController.class.php 第 98 行.
NOTIC: [8] Undefined index: msg_id C:\WWW\test\shiyantp\aimeiya\Home\Controller\IndexController.class.php 第 98 行.

[ 2016-02-24T13:23:17+08:00 ] 101.81.116.228 /shiyantp/
INFO: [ app_init ] --START--
INFO: Run Behavior\BuildLiteBehavior [ RunTime:0.000000s ]
INFO: [ app_init ] --END-- [ RunTime:0.000000s ]
INFO: [ app_begin ] --START--
INFO: Run Behavior\ReadHtmlCacheBehavior [ RunTime:0.000000s ]
INFO: [ app_begin ] --END-- [ RunTime:0.000000s ]
INFO: [ view_parse ] --START--
INFO: [ template_filter ] --START--
INFO: Run Behavior\ContentReplaceBehavior [ RunTime:0.000000s ]
INFO: [ template_filter ] --END-- [ RunTime:0.000000s ]
INFO: Run Behavior\ParseTemplateBehavior [ RunTime:0.015625s ]
INFO: [ view_parse ] --END-- [ RunTime:0.015625s ]
INFO: [ view_filter ] --START--
INFO: Run Behavior\WriteHtmlCacheBehavior [ RunTime:0.000000s ]
INFO: [ view_filter ] --END-- [ RunTime:0.000000s ]
INFO: [ app_end ] --START--
INFO: Run Behavior\ShowPageTraceBehavior [ RunTime:0.000000s ]
INFO: [ app_end ] --END-- [ RunTime:0.000000s ]

[ 2016-02-24T13:23:19+08:00 ] 101.81.116.228 /shiyantp/index.php/Home/Index/jm.html
INFO: [ app_init ] --START--
INFO: Run Behavior\BuildLiteBehavior [ RunTime:0.000000s ]
INFO: [ app_init ] --END-- [ RunTime:0.000000s ]
INFO: [ app_begin ] --START--
INFO: Run Behavior\ReadHtmlCacheBehavior [ RunTime:0.000000s ]
INFO: [ app_begin ] --END-- [ RunTime:0.000000s ]
NOTIC: [8] Use of undefined constant TOKEN - assumed 'TOKEN' C:\WWW\test\shiyantp\aimeiya\Home\Controller\IndexController.class.php 第 115 行.
NOTIC: [2] Missing argument 2 for Home\Controller\IndexController::curlPost(), called in C:\WWW\test\shiyantp\aimeiya\Home\Controller\IndexController.class.php on line 29 and defined C:\WWW\test\shiyantp\aimeiya\Home\Controller\IndexController.class.php 第 78 行.
NOTIC: [8] Undefined variable: curl C:\WWW\test\shiyantp\aimeiya\Home\Controller\IndexController.class.php 第 85 行.
NOTIC: [2] curl_setopt() expects parameter 1 to be resource, null given C:\WWW\test\shiyantp\aimeiya\Home\Controller\IndexController.class.php 第 85 行.
NOTIC: [8] Undefined variable: data C:\WWW\test\shiyantp\aimeiya\Home\Controller\IndexController.class.php 第 89 行.
NOTIC: [8] Undefined index: errcode C:\WWW\test\shiyantp\aimeiya\Home\Controller\IndexController.class.php 第 97 行.
NOTIC: [8] Undefined index: media_id C:\WWW\test\shiyantp\aimeiya\Home\Controller\IndexController.class.php 第 98 行.
NOTIC: [8] Undefined index: msg_id C:\WWW\test\shiyantp\aimeiya\Home\Controller\IndexController.class.php 第 98 行.

[ 2016-02-24T13:26:09+08:00 ] 101.81.116.228 /shiyantp/
INFO: [ app_init ] --START--
INFO: Run Behavior\BuildLiteBehavior [ RunTime:0.000000s ]
INFO: [ app_init ] --END-- [ RunTime:0.000000s ]
INFO: [ app_begin ] --START--
INFO: Run Behavior\ReadHtmlCacheBehavior [ RunTime:0.000000s ]
INFO: [ app_begin ] --END-- [ RunTime:0.000000s ]
INFO: [ view_parse ] --START--
INFO: [ template_filter ] --START--
INFO: Run Behavior\ContentReplaceBehavior [ RunTime:0.000000s ]
INFO: [ template_filter ] --END-- [ RunTime:0.000000s ]
INFO: Run Behavior\ParseTemplateBehavior [ RunTime:0.015625s ]
INFO: [ view_parse ] --END-- [ RunTime:0.015625s ]
INFO: [ view_filter ] --START--
INFO: Run Behavior\WriteHtmlCacheBehavior [ RunTime:0.000000s ]
INFO: [ view_filter ] --END-- [ RunTime:0.000000s ]
INFO: [ app_end ] --START--
INFO: Run Behavior\ShowPageTraceBehavior [ RunTime:0.000000s ]
INFO: [ app_end ] --END-- [ RunTime:0.000000s ]

[ 2016-02-24T13:26:10+08:00 ] 101.81.116.228 /shiyantp/index.php/Home/Index/jm.html
INFO: [ app_init ] --START--
INFO: Run Behavior\BuildLiteBehavior [ RunTime:0.000000s ]
INFO: [ app_init ] --END-- [ RunTime:0.000000s ]
INFO: [ app_begin ] --START--
INFO: Run Behavior\ReadHtmlCacheBehavior [ RunTime:0.000000s ]
INFO: [ app_begin ] --END-- [ RunTime:0.000000s ]
NOTIC: [8] Use of undefined constant TOKEN - assumed 'TOKEN' C:\WWW\test\shiyantp\aimeiya\Home\Controller\IndexController.class.php 第 115 行.
NOTIC: [2] Missing argument 2 for Home\Controller\IndexController::curlPost(), called in C:\WWW\test\shiyantp\aimeiya\Home\Controller\IndexController.class.php on line 29 and defined C:\WWW\test\shiyantp\aimeiya\Home\Controller\IndexController.class.php 第 78 行.
NOTIC: [8] Undefined variable: curl C:\WWW\test\shiyantp\aimeiya\Home\Controller\IndexController.class.php 第 85 行.
NOTIC: [2] curl_setopt() expects parameter 1 to be resource, null given C:\WWW\test\shiyantp\aimeiya\Home\Controller\IndexController.class.php 第 85 行.
NOTIC: [8] Undefined variable: data C:\WWW\test\shiyantp\aimeiya\Home\Controller\IndexController.class.php 第 89 行.
NOTIC: [8] Undefined index: errcode C:\WWW\test\shiyantp\aimeiya\Home\Controller\IndexController.class.php 第 97 行.
NOTIC: [8] Undefined index: media_id C:\WWW\test\shiyantp\aimeiya\Home\Controller\IndexController.class.php 第 98 行.
NOTIC: [8] Undefined index: msg_id C:\WWW\test\shiyantp\aimeiya\Home\Controller\IndexController.class.php 第 98 行.

[ 2016-02-24T13:29:30+08:00 ] 101.81.116.228 /shiyantp/
INFO: [ app_init ] --START--
INFO: Run Behavior\BuildLiteBehavior [ RunTime:0.000000s ]
INFO: [ app_init ] --END-- [ RunTime:0.000000s ]
INFO: [ app_begin ] --START--
INFO: Run Behavior\ReadHtmlCacheBehavior [ RunTime:0.000000s ]
INFO: [ app_begin ] --END-- [ RunTime:0.000000s ]
INFO: [ view_parse ] --START--
INFO: [ template_filter ] --START--
INFO: Run Behavior\ContentReplaceBehavior [ RunTime:0.000000s ]
INFO: [ template_filter ] --END-- [ RunTime:0.000000s ]
INFO: Run Behavior\ParseTemplateBehavior [ RunTime:0.000000s ]
INFO: [ view_parse ] --END-- [ RunTime:0.000000s ]
INFO: [ view_filter ] --START--
INFO: Run Behavior\WriteHtmlCacheBehavior [ RunTime:0.000000s ]
INFO: [ view_filter ] --END-- [ RunTime:0.000000s ]
INFO: [ app_end ] --START--
INFO: Run Behavior\ShowPageTraceBehavior [ RunTime:0.000000s ]
INFO: [ app_end ] --END-- [ RunTime:0.000000s ]

[ 2016-02-24T13:29:33+08:00 ] 101.81.116.228 /shiyantp/index.php/Home/Index/jm.html
INFO: [ app_init ] --START--
INFO: Run Behavior\BuildLiteBehavior [ RunTime:0.000000s ]
INFO: [ app_init ] --END-- [ RunTime:0.000000s ]
INFO: [ app_begin ] --START--
INFO: Run Behavior\ReadHtmlCacheBehavior [ RunTime:0.000000s ]
INFO: [ app_begin ] --END-- [ RunTime:0.000000s ]
NOTIC: [8] Use of undefined constant TOKEN - assumed 'TOKEN' C:\WWW\test\shiyantp\aimeiya\Home\Controller\IndexController.class.php 第 116 行.
NOTIC: [2] Missing argument 2 for Home\Controller\IndexController::curlPost(), called in C:\WWW\test\shiyantp\aimeiya\Home\Controller\IndexController.class.php on line 29 and defined C:\WWW\test\shiyantp\aimeiya\Home\Controller\IndexController.class.php 第 79 行.
NOTIC: [8] Undefined variable: curl C:\WWW\test\shiyantp\aimeiya\Home\Controller\IndexController.class.php 第 86 行.
NOTIC: [2] curl_setopt() expects parameter 1 to be resource, null given C:\WWW\test\shiyantp\aimeiya\Home\Controller\IndexController.class.php 第 86 行.
NOTIC: [8] Undefined variable: data C:\WWW\test\shiyantp\aimeiya\Home\Controller\IndexController.class.php 第 90 行.
NOTIC: [8] Undefined index: errcode C:\WWW\test\shiyantp\aimeiya\Home\Controller\IndexController.class.php 第 98 行.
NOTIC: [8] Undefined index: media_id C:\WWW\test\shiyantp\aimeiya\Home\Controller\IndexController.class.php 第 99 行.
NOTIC: [8] Undefined index: msg_id C:\WWW\test\shiyantp\aimeiya\Home\Controller\IndexController.class.php 第 99 行.

[ 2016-02-24T13:31:29+08:00 ] 101.81.116.228 /shiyantp/
INFO: [ app_init ] --START--
INFO: Run Behavior\BuildLiteBehavior [ RunTime:0.000000s ]
INFO: [ app_init ] --END-- [ RunTime:0.000000s ]
INFO: [ app_begin ] --START--
INFO: Run Behavior\ReadHtmlCacheBehavior [ RunTime:0.000000s ]
INFO: [ app_begin ] --END-- [ RunTime:0.000000s ]
INFO: [ view_parse ] --START--
INFO: [ template_filter ] --START--
INFO: Run Behavior\ContentReplaceBehavior [ RunTime:0.000000s ]
INFO: [ template_filter ] --END-- [ RunTime:0.000000s ]
INFO: Run Behavior\ParseTemplateBehavior [ RunTime:0.000000s ]
INFO: [ view_parse ] --END-- [ RunTime:0.000000s ]
INFO: [ view_filter ] --START--
INFO: Run Behavior\WriteHtmlCacheBehavior [ RunTime:0.000000s ]
INFO: [ view_filter ] --END-- [ RunTime:0.000000s ]
INFO: [ app_end ] --START--
INFO: Run Behavior\ShowPageTraceBehavior [ RunTime:0.000000s ]
INFO: [ app_end ] --END-- [ RunTime:0.000000s ]

[ 2016-02-24T13:31:30+08:00 ] 101.81.116.228 /shiyantp/index.php/Home/Index/jm.html
INFO: [ app_init ] --START--
INFO: Run Behavior\BuildLiteBehavior [ RunTime:0.000000s ]
INFO: [ app_init ] --END-- [ RunTime:0.000000s ]
INFO: [ app_begin ] --START--
INFO: Run Behavior\ReadHtmlCacheBehavior [ RunTime:0.000000s ]
INFO: [ app_begin ] --END-- [ RunTime:0.000000s ]
NOTIC: [8] Use of undefined constant TOKEN - assumed 'TOKEN' C:\WWW\test\shiyantp\aimeiya\Home\Controller\IndexController.class.php 第 116 行.
NOTIC: [2] Missing argument 2 for Home\Controller\IndexController::curlPost(), called in C:\WWW\test\shiyantp\aimeiya\Home\Controller\IndexController.class.php on line 29 and defined C:\WWW\test\shiyantp\aimeiya\Home\Controller\IndexController.class.php 第 79 行.
NOTIC: [8] Undefined variable: curl C:\WWW\test\shiyantp\aimeiya\Home\Controller\IndexController.class.php 第 86 行.
NOTIC: [2] curl_setopt() expects parameter 1 to be resource, null given C:\WWW\test\shiyantp\aimeiya\Home\Controller\IndexController.class.php 第 86 行.
NOTIC: [8] Undefined variable: data C:\WWW\test\shiyantp\aimeiya\Home\Controller\IndexController.class.php 第 90 行.
NOTIC: [8] Undefined index: errcode C:\WWW\test\shiyantp\aimeiya\Home\Controller\IndexController.class.php 第 98 行.
NOTIC: [8] Undefined index: media_id C:\WWW\test\shiyantp\aimeiya\Home\Controller\IndexController.class.php 第 99 行.
NOTIC: [8] Undefined index: msg_id C:\WWW\test\shiyantp\aimeiya\Home\Controller\IndexController.class.php 第 99 行.

[ 2016-02-24T13:31:54+08:00 ] 101.81.116.228 /shiyantp/
INFO: [ app_init ] --START--
INFO: Run Behavior\BuildLiteBehavior [ RunTime:0.000000s ]
INFO: [ app_init ] --END-- [ RunTime:0.000000s ]
INFO: [ app_begin ] --START--
INFO: Run Behavior\ReadHtmlCacheBehavior [ RunTime:0.000000s ]
INFO: [ app_begin ] --END-- [ RunTime:0.000000s ]
INFO: [ view_parse ] --START--
INFO: [ template_filter ] --START--
INFO: Run Behavior\ContentReplaceBehavior [ RunTime:0.000000s ]
INFO: [ template_filter ] --END-- [ RunTime:0.000000s ]
INFO: Run Behavior\ParseTemplateBehavior [ RunTime:0.015625s ]
INFO: [ view_parse ] --END-- [ RunTime:0.015625s ]
INFO: [ view_filter ] --START--
INFO: Run Behavior\WriteHtmlCacheBehavior [ RunTime:0.000000s ]
INFO: [ view_filter ] --END-- [ RunTime:0.000000s ]
INFO: [ app_end ] --START--
INFO: Run Behavior\ShowPageTraceBehavior [ RunTime:0.000000s ]
INFO: [ app_end ] --END-- [ RunTime:0.000000s ]

[ 2016-02-24T13:31:55+08:00 ] 101.81.116.228 /shiyantp/index.php/Home/Index/jm.html
INFO: [ app_init ] --START--
INFO: Run Behavior\BuildLiteBehavior [ RunTime:0.000000s ]
INFO: [ app_init ] --END-- [ RunTime:0.000000s ]
INFO: [ app_begin ] --START--
INFO: Run Behavior\ReadHtmlCacheBehavior [ RunTime:0.000000s ]
INFO: [ app_begin ] --END-- [ RunTime:0.000000s ]
NOTIC: [8] Use of undefined constant TOKEN - assumed 'TOKEN' C:\WWW\test\shiyantp\aimeiya\Home\Controller\IndexController.class.php 第 116 行.
NOTIC: [2] Missing argument 2 for Home\Controller\IndexController::curlPost(), called in C:\WWW\test\shiyantp\aimeiya\Home\Controller\IndexController.class.php on line 29 and defined C:\WWW\test\shiyantp\aimeiya\Home\Controller\IndexController.class.php 第 79 行.
NOTIC: [8] Undefined variable: curl C:\WWW\test\shiyantp\aimeiya\Home\Controller\IndexController.class.php 第 86 行.
NOTIC: [2] curl_setopt() expects parameter 1 to be resource, null given C:\WWW\test\shiyantp\aimeiya\Home\Controller\IndexController.class.php 第 86 行.
NOTIC: [8] Undefined variable: data C:\WWW\test\shiyantp\aimeiya\Home\Controller\IndexController.class.php 第 90 行.
NOTIC: [8] Undefined index: errcode C:\WWW\test\shiyantp\aimeiya\Home\Controller\IndexController.class.php 第 98 行.
NOTIC: [8] Undefined index: media_id C:\WWW\test\shiyantp\aimeiya\Home\Controller\IndexController.class.php 第 99 行.
NOTIC: [8] Undefined index: msg_id C:\WWW\test\shiyantp\aimeiya\Home\Controller\IndexController.class.php 第 99 行.

[ 2016-02-24T13:32:42+08:00 ] 101.81.116.228 /shiyantp/
INFO: [ app_init ] --START--
INFO: Run Behavior\BuildLiteBehavior [ RunTime:0.000000s ]
INFO: [ app_init ] --END-- [ RunTime:0.000000s ]
INFO: [ app_begin ] --START--
INFO: Run Behavior\ReadHtmlCacheBehavior [ RunTime:0.000000s ]
INFO: [ app_begin ] --END-- [ RunTime:0.000000s ]
INFO: [ view_parse ] --START--
INFO: [ template_filter ] --START--
INFO: Run Behavior\ContentReplaceBehavior [ RunTime:0.000000s ]
INFO: [ template_filter ] --END-- [ RunTime:0.000000s ]
INFO: Run Behavior\ParseTemplateBehavior [ RunTime:0.015625s ]
INFO: [ view_parse ] --END-- [ RunTime:0.015625s ]
INFO: [ view_filter ] --START--
INFO: Run Behavior\WriteHtmlCacheBehavior [ RunTime:0.000000s ]
INFO: [ view_filter ] --END-- [ RunTime:0.000000s ]
INFO: [ app_end ] --START--
INFO: Run Behavior\ShowPageTraceBehavior [ RunTime:0.000000s ]
INFO: [ app_end ] --END-- [ RunTime:0.000000s ]

[ 2016-02-24T13:32:42+08:00 ] 101.81.116.228 /shiyantp/index.php/Home/Index/jm.html
INFO: [ app_init ] --START--
INFO: Run Behavior\BuildLiteBehavior [ RunTime:0.000000s ]
INFO: [ app_init ] --END-- [ RunTime:0.000000s ]
INFO: [ app_begin ] --START--
INFO: Run Behavior\ReadHtmlCacheBehavior [ RunTime:0.000000s ]
INFO: [ app_begin ] --END-- [ RunTime:0.000000s ]
NOTIC: [8] Use of undefined constant TOKEN - assumed 'TOKEN' C:\WWW\test\shiyantp\aimeiya\Home\Controller\IndexController.class.php 第 116 行.
NOTIC: [2] Missing argument 2 for Home\Controller\IndexController::curlPost(), called in C:\WWW\test\shiyantp\aimeiya\Home\Controller\IndexController.class.php on line 29 and defined C:\WWW\test\shiyantp\aimeiya\Home\Controller\IndexController.class.php 第 79 行.
NOTIC: [8] Undefined variable: curl C:\WWW\test\shiyantp\aimeiya\Home\Controller\IndexController.class.php 第 86 行.
NOTIC: [2] curl_setopt() expects parameter 1 to be resource, null given C:\WWW\test\shiyantp\aimeiya\Home\Controller\IndexController.class.php 第 86 行.
NOTIC: [8] Undefined variable: data C:\WWW\test\shiyantp\aimeiya\Home\Controller\IndexController.class.php 第 90 行.
NOTIC: [8] Undefined index: errcode C:\WWW\test\shiyantp\aimeiya\Home\Controller\IndexController.class.php 第 98 行.
NOTIC: [8] Undefined index: media_id C:\WWW\test\shiyantp\aimeiya\Home\Controller\IndexController.class.php 第 99 行.
NOTIC: [8] Undefined index: msg_id C:\WWW\test\shiyantp\aimeiya\Home\Controller\IndexController.class.php 第 99 行.

[ 2016-02-24T13:33:18+08:00 ] 101.81.116.228 /shiyantp/
INFO: [ app_init ] --START--
INFO: Run Behavior\BuildLiteBehavior [ RunTime:0.000000s ]
INFO: [ app_init ] --END-- [ RunTime:0.015625s ]
INFO: [ app_begin ] --START--
INFO: Run Behavior\ReadHtmlCacheBehavior [ RunTime:0.000000s ]
INFO: [ app_begin ] --END-- [ RunTime:0.000000s ]
INFO: [ view_parse ] --START--
INFO: [ template_filter ] --START--
INFO: Run Behavior\ContentReplaceBehavior [ RunTime:0.000000s ]
INFO: [ template_filter ] --END-- [ RunTime:0.000000s ]
INFO: Run Behavior\ParseTemplateBehavior [ RunTime:0.015625s ]
INFO: [ view_parse ] --END-- [ RunTime:0.015625s ]
INFO: [ view_filter ] --START--
INFO: Run Behavior\WriteHtmlCacheBehavior [ RunTime:0.000000s ]
INFO: [ view_filter ] --END-- [ RunTime:0.000000s ]
INFO: [ app_end ] --START--
INFO: Run Behavior\ShowPageTraceBehavior [ RunTime:0.000000s ]
INFO: [ app_end ] --END-- [ RunTime:0.000000s ]

[ 2016-02-24T13:33:18+08:00 ] 101.81.116.228 /shiyantp/index.php/Home/Index/jm.html
INFO: [ app_init ] --START--
INFO: Run Behavior\BuildLiteBehavior [ RunTime:0.000000s ]
INFO: [ app_init ] --END-- [ RunTime:0.000000s ]
INFO: [ app_begin ] --START--
INFO: Run Behavior\ReadHtmlCacheBehavior [ RunTime:0.000000s ]
INFO: [ app_begin ] --END-- [ RunTime:0.000000s ]
NOTIC: [8] Use of undefined constant TOKEN - assumed 'TOKEN' C:\WWW\test\shiyantp\aimeiya\Home\Controller\IndexController.class.php 第 116 行.
NOTIC: [2] Missing argument 2 for Home\Controller\IndexController::curlPost(), called in C:\WWW\test\shiyantp\aimeiya\Home\Controller\IndexController.class.php on line 29 and defined C:\WWW\test\shiyantp\aimeiya\Home\Controller\IndexController.class.php 第 79 行.
NOTIC: [8] Undefined variable: curl C:\WWW\test\shiyantp\aimeiya\Home\Controller\IndexController.class.php 第 86 行.
NOTIC: [2] curl_setopt() expects parameter 1 to be resource, null given C:\WWW\test\shiyantp\aimeiya\Home\Controller\IndexController.class.php 第 86 行.
NOTIC: [8] Undefined variable: data C:\WWW\test\shiyantp\aimeiya\Home\Controller\IndexController.class.php 第 90 行.
NOTIC: [8] Undefined index: errcode C:\WWW\test\shiyantp\aimeiya\Home\Controller\IndexController.class.php 第 98 行.
NOTIC: [8] Undefined index: media_id C:\WWW\test\shiyantp\aimeiya\Home\Controller\IndexController.class.php 第 99 行.
NOTIC: [8] Undefined index: msg_id C:\WWW\test\shiyantp\aimeiya\Home\Controller\IndexController.class.php 第 99 行.

[ 2016-02-24T13:36:07+08:00 ] 101.81.116.228 /shiyantp/
INFO: [ app_init ] --START--
INFO: Run Behavior\BuildLiteBehavior [ RunTime:0.000000s ]
INFO: [ app_init ] --END-- [ RunTime:0.000000s ]
INFO: [ app_begin ] --START--
INFO: Run Behavior\ReadHtmlCacheBehavior [ RunTime:0.000000s ]
INFO: [ app_begin ] --END-- [ RunTime:0.000000s ]
INFO: [ view_parse ] --START--
INFO: [ template_filter ] --START--
INFO: Run Behavior\ContentReplaceBehavior [ RunTime:0.000000s ]
INFO: [ template_filter ] --END-- [ RunTime:0.000000s ]
INFO: Run Behavior\ParseTemplateBehavior [ RunTime:0.000000s ]
INFO: [ view_parse ] --END-- [ RunTime:0.000000s ]
INFO: [ view_filter ] --START--
INFO: Run Behavior\WriteHtmlCacheBehavior [ RunTime:0.000000s ]
INFO: [ view_filter ] --END-- [ RunTime:0.000000s ]
INFO: [ app_end ] --START--
INFO: Run Behavior\ShowPageTraceBehavior [ RunTime:0.000000s ]
INFO: [ app_end ] --END-- [ RunTime:0.000000s ]

[ 2016-02-24T13:36:08+08:00 ] 101.81.116.228 /shiyantp/index.php/Home/Index/jm.html
INFO: [ app_init ] --START--
INFO: Run Behavior\BuildLiteBehavior [ RunTime:0.000000s ]
INFO: [ app_init ] --END-- [ RunTime:0.000000s ]
INFO: [ app_begin ] --START--
INFO: Run Behavior\ReadHtmlCacheBehavior [ RunTime:0.000000s ]
INFO: [ app_begin ] --END-- [ RunTime:0.000000s ]
NOTIC: [8] Use of undefined constant TOKEN - assumed 'TOKEN' C:\WWW\test\shiyantp\aimeiya\Home\Controller\IndexController.class.php 第 132 行.
NOTIC: [8] Undefined variable: curl C:\WWW\test\shiyantp\aimeiya\Home\Controller\IndexController.class.php 第 114 行.
NOTIC: [2] curl_setopt() expects parameter 1 to be resource, null given C:\WWW\test\shiyantp\aimeiya\Home\Controller\IndexController.class.php 第 114 行.
NOTIC: [8] Undefined variable: data C:\WWW\test\shiyantp\aimeiya\Home\Controller\IndexController.class.php 第 118 行.

[ 2016-02-24T13:36:25+08:00 ] 101.81.116.228 /shiyantp/
INFO: [ app_init ] --START--
INFO: Run Behavior\BuildLiteBehavior [ RunTime:0.000000s ]
INFO: [ app_init ] --END-- [ RunTime:0.015625s ]
INFO: [ app_begin ] --START--
INFO: Run Behavior\ReadHtmlCacheBehavior [ RunTime:0.000000s ]
INFO: [ app_begin ] --END-- [ RunTime:0.000000s ]
INFO: [ view_parse ] --START--
INFO: [ template_filter ] --START--
INFO: Run Behavior\ContentReplaceBehavior [ RunTime:0.000000s ]
INFO: [ template_filter ] --END-- [ RunTime:0.000000s ]
INFO: Run Behavior\ParseTemplateBehavior [ RunTime:0.000000s ]
INFO: [ view_parse ] --END-- [ RunTime:0.000000s ]
INFO: [ view_filter ] --START--
INFO: Run Behavior\WriteHtmlCacheBehavior [ RunTime:0.000000s ]
INFO: [ view_filter ] --END-- [ RunTime:0.000000s ]
INFO: [ app_end ] --START--
INFO: Run Behavior\ShowPageTraceBehavior [ RunTime:0.000000s ]
INFO: [ app_end ] --END-- [ RunTime:0.000000s ]

[ 2016-02-24T13:36:26+08:00 ] 101.81.116.228 /shiyantp/index.php/Home/Index/jm.html
INFO: [ app_init ] --START--
INFO: Run Behavior\BuildLiteBehavior [ RunTime:0.000000s ]
INFO: [ app_init ] --END-- [ RunTime:0.000000s ]
INFO: [ app_begin ] --START--
INFO: Run Behavior\ReadHtmlCacheBehavior [ RunTime:0.000000s ]
INFO: [ app_begin ] --END-- [ RunTime:0.000000s ]
NOTIC: [8] Use of undefined constant TOKEN - assumed 'TOKEN' C:\WWW\test\shiyantp\aimeiya\Home\Controller\IndexController.class.php 第 132 行.
NOTIC: [8] Undefined variable: curl C:\WWW\test\shiyantp\aimeiya\Home\Controller\IndexController.class.php 第 114 行.
NOTIC: [2] curl_setopt() expects parameter 1 to be resource, null given C:\WWW\test\shiyantp\aimeiya\Home\Controller\IndexController.class.php 第 114 行.
NOTIC: [8] Undefined variable: data C:\WWW\test\shiyantp\aimeiya\Home\Controller\IndexController.class.php 第 118 行.

[ 2016-02-24T13:37:02+08:00 ] 101.81.116.228 /shiyantp/
INFO: [ app_init ] --START--
INFO: Run Behavior\BuildLiteBehavior [ RunTime:0.000000s ]
INFO: [ app_init ] --END-- [ RunTime:0.000000s ]
INFO: [ app_begin ] --START--
INFO: Run Behavior\ReadHtmlCacheBehavior [ RunTime:0.000000s ]
INFO: [ app_begin ] --END-- [ RunTime:0.000000s ]
INFO: [ view_parse ] --START--
INFO: [ template_filter ] --START--
INFO: Run Behavior\ContentReplaceBehavior [ RunTime:0.000000s ]
INFO: [ template_filter ] --END-- [ RunTime:0.000000s ]
INFO: Run Behavior\ParseTemplateBehavior [ RunTime:0.015625s ]
INFO: [ view_parse ] --END-- [ RunTime:0.015625s ]
INFO: [ view_filter ] --START--
INFO: Run Behavior\WriteHtmlCacheBehavior [ RunTime:0.000000s ]
INFO: [ view_filter ] --END-- [ RunTime:0.000000s ]
INFO: [ app_end ] --START--
INFO: Run Behavior\ShowPageTraceBehavior [ RunTime:0.000000s ]
INFO: [ app_end ] --END-- [ RunTime:0.000000s ]

[ 2016-02-24T13:37:03+08:00 ] 101.81.116.228 /shiyantp/index.php/Home/Index/jm.html
INFO: [ app_init ] --START--
INFO: Run Behavior\BuildLiteBehavior [ RunTime:0.000000s ]
INFO: [ app_init ] --END-- [ RunTime:0.000000s ]
INFO: [ app_begin ] --START--
INFO: Run Behavior\ReadHtmlCacheBehavior [ RunTime:0.000000s ]
INFO: [ app_begin ] --END-- [ RunTime:0.000000s ]
NOTIC: [8] Use of undefined constant TOKEN - assumed 'TOKEN' C:\WWW\test\shiyantp\aimeiya\Home\Controller\IndexController.class.php 第 132 行.
NOTIC: [8] Undefined variable: curl C:\WWW\test\shiyantp\aimeiya\Home\Controller\IndexController.class.php 第 114 行.
NOTIC: [2] curl_setopt() expects parameter 1 to be resource, null given C:\WWW\test\shiyantp\aimeiya\Home\Controller\IndexController.class.php 第 114 行.
NOTIC: [8] Undefined variable: data C:\WWW\test\shiyantp\aimeiya\Home\Controller\IndexController.class.php 第 118 行.

[ 2016-02-24T13:38:15+08:00 ] 101.81.116.228 /shiyantp/
INFO: [ app_init ] --START--
INFO: Run Behavior\BuildLiteBehavior [ RunTime:0.000000s ]
INFO: [ app_init ] --END-- [ RunTime:0.000000s ]
INFO: [ app_begin ] --START--
INFO: Run Behavior\ReadHtmlCacheBehavior [ RunTime:0.000000s ]
INFO: [ app_begin ] --END-- [ RunTime:0.000000s ]
INFO: [ view_parse ] --START--
INFO: [ template_filter ] --START--
INFO: Run Behavior\ContentReplaceBehavior [ RunTime:0.000000s ]
INFO: [ template_filter ] --END-- [ RunTime:0.000000s ]
INFO: Run Behavior\ParseTemplateBehavior [ RunTime:0.015625s ]
INFO: [ view_parse ] --END-- [ RunTime:0.015625s ]
INFO: [ view_filter ] --START--
INFO: Run Behavior\WriteHtmlCacheBehavior [ RunTime:0.000000s ]
INFO: [ view_filter ] --END-- [ RunTime:0.000000s ]
INFO: [ app_end ] --START--
INFO: Run Behavior\ShowPageTraceBehavior [ RunTime:0.000000s ]
INFO: [ app_end ] --END-- [ RunTime:0.000000s ]

[ 2016-02-24T13:38:16+08:00 ] 101.81.116.228 /shiyantp/index.php/Home/Index/jm.html
INFO: [ app_init ] --START--
INFO: Run Behavior\BuildLiteBehavior [ RunTime:0.000000s ]
INFO: [ app_init ] --END-- [ RunTime:0.000000s ]
INFO: [ app_begin ] --START--
INFO: Run Behavior\ReadHtmlCacheBehavior [ RunTime:0.000000s ]
INFO: [ app_begin ] --END-- [ RunTime:0.000000s ]
NOTIC: [8] Use of undefined constant TOKEN - assumed 'TOKEN' C:\WWW\test\shiyantp\aimeiya\Home\Controller\IndexController.class.php 第 132 行.
NOTIC: [8] Undefined variable: curl C:\WWW\test\shiyantp\aimeiya\Home\Controller\IndexController.class.php 第 114 行.
NOTIC: [2] curl_setopt() expects parameter 1 to be resource, null given C:\WWW\test\shiyantp\aimeiya\Home\Controller\IndexController.class.php 第 114 行.
NOTIC: [8] Undefined variable: data C:\WWW\test\shiyantp\aimeiya\Home\Controller\IndexController.class.php 第 118 行.

[ 2016-02-24T13:38:28+08:00 ] 101.81.116.228 /shiyantp/
INFO: [ app_init ] --START--
INFO: Run Behavior\BuildLiteBehavior [ RunTime:0.000000s ]
INFO: [ app_init ] --END-- [ RunTime:0.000000s ]
INFO: [ app_begin ] --START--
INFO: Run Behavior\ReadHtmlCacheBehavior [ RunTime:0.000000s ]
INFO: [ app_begin ] --END-- [ RunTime:0.000000s ]
INFO: [ view_parse ] --START--
INFO: [ template_filter ] --START--
INFO: Run Behavior\ContentReplaceBehavior [ RunTime:0.000000s ]
INFO: [ template_filter ] --END-- [ RunTime:0.000000s ]
INFO: Run Behavior\ParseTemplateBehavior [ RunTime:0.015625s ]
INFO: [ view_parse ] --END-- [ RunTime:0.015625s ]
INFO: [ view_filter ] --START--
INFO: Run Behavior\WriteHtmlCacheBehavior [ RunTime:0.000000s ]
INFO: [ view_filter ] --END-- [ RunTime:0.000000s ]
INFO: [ app_end ] --START--
INFO: Run Behavior\ShowPageTraceBehavior [ RunTime:0.000000s ]
INFO: [ app_end ] --END-- [ RunTime:0.000000s ]

[ 2016-02-24T13:38:29+08:00 ] 101.81.116.228 /shiyantp/index.php/Home/Index/jm.html
INFO: [ app_init ] --START--
INFO: Run Behavior\BuildLiteBehavior [ RunTime:0.000000s ]
INFO: [ app_init ] --END-- [ RunTime:0.000000s ]
INFO: [ app_begin ] --START--
INFO: Run Behavior\ReadHtmlCacheBehavior [ RunTime:0.000000s ]
INFO: [ app_begin ] --END-- [ RunTime:0.000000s ]
NOTIC: [8] Use of undefined constant TOKEN - assumed 'TOKEN' C:\WWW\test\shiyantp\aimeiya\Home\Controller\IndexController.class.php 第 132 行.
NOTIC: [8] Undefined variable: curl C:\WWW\test\shiyantp\aimeiya\Home\Controller\IndexController.class.php 第 114 行.
NOTIC: [2] curl_setopt() expects parameter 1 to be resource, null given C:\WWW\test\shiyantp\aimeiya\Home\Controller\IndexController.class.php 第 114 行.
NOTIC: [8] Undefined variable: data C:\WWW\test\shiyantp\aimeiya\Home\Controller\IndexController.class.php 第 118 行.

[ 2016-02-24T13:38:59+08:00 ] 101.81.116.228 /shiyantp/
INFO: [ app_init ] --START--
INFO: Run Behavior\BuildLiteBehavior [ RunTime:0.000000s ]
INFO: [ app_init ] --END-- [ RunTime:0.000000s ]
INFO: [ app_begin ] --START--
INFO: Run Behavior\ReadHtmlCacheBehavior [ RunTime:0.000000s ]
INFO: [ app_begin ] --END-- [ RunTime:0.000000s ]
INFO: [ view_parse ] --START--
INFO: [ template_filter ] --START--
INFO: Run Behavior\ContentReplaceBehavior [ RunTime:0.000000s ]
INFO: [ template_filter ] --END-- [ RunTime:0.000000s ]
INFO: Run Behavior\ParseTemplateBehavior [ RunTime:0.015625s ]
INFO: [ view_parse ] --END-- [ RunTime:0.015625s ]
INFO: [ view_filter ] --START--
INFO: Run Behavior\WriteHtmlCacheBehavior [ RunTime:0.000000s ]
INFO: [ view_filter ] --END-- [ RunTime:0.000000s ]
INFO: [ app_end ] --START--
INFO: Run Behavior\ShowPageTraceBehavior [ RunTime:0.000000s ]
INFO: [ app_end ] --END-- [ RunTime:0.000000s ]

[ 2016-02-24T13:39:00+08:00 ] 101.81.116.228 /shiyantp/index.php/Home/Index/jm.html
INFO: [ app_init ] --START--
INFO: Run Behavior\BuildLiteBehavior [ RunTime:0.000000s ]
INFO: [ app_init ] --END-- [ RunTime:0.000000s ]
INFO: [ app_begin ] --START--
INFO: Run Behavior\ReadHtmlCacheBehavior [ RunTime:0.000000s ]
INFO: [ app_begin ] --END-- [ RunTime:0.000000s ]
NOTIC: [8] Use of undefined constant TOKEN - assumed 'TOKEN' C:\WWW\test\shiyantp\aimeiya\Home\Controller\IndexController.class.php 第 132 行.
NOTIC: [8] Undefined variable: curl C:\WWW\test\shiyantp\aimeiya\Home\Controller\IndexController.class.php 第 114 行.
NOTIC: [2] curl_setopt() expects parameter 1 to be resource, null given C:\WWW\test\shiyantp\aimeiya\Home\Controller\IndexController.class.php 第 114 行.
NOTIC: [8] Undefined variable: data C:\WWW\test\shiyantp\aimeiya\Home\Controller\IndexController.class.php 第 118 行.

[ 2016-02-24T13:44:14+08:00 ] 101.81.116.228 /shiyantp/
INFO: [ app_init ] --START--
INFO: Run Behavior\BuildLiteBehavior [ RunTime:0.000000s ]
INFO: [ app_init ] --END-- [ RunTime:0.000000s ]
INFO: [ app_begin ] --START--
INFO: Run Behavior\ReadHtmlCacheBehavior [ RunTime:0.000000s ]
INFO: [ app_begin ] --END-- [ RunTime:0.000000s ]
INFO: [ view_parse ] --START--
INFO: [ template_filter ] --START--
INFO: Run Behavior\ContentReplaceBehavior [ RunTime:0.000000s ]
INFO: [ template_filter ] --END-- [ RunTime:0.000000s ]
INFO: Run Behavior\ParseTemplateBehavior [ RunTime:0.000000s ]
INFO: [ view_parse ] --END-- [ RunTime:0.000000s ]
INFO: [ view_filter ] --START--
INFO: Run Behavior\WriteHtmlCacheBehavior [ RunTime:0.000000s ]
INFO: [ view_filter ] --END-- [ RunTime:0.000000s ]
INFO: [ app_end ] --START--
INFO: Run Behavior\ShowPageTraceBehavior [ RunTime:0.000000s ]
INFO: [ app_end ] --END-- [ RunTime:0.000000s ]

[ 2016-02-24T13:44:15+08:00 ] 101.81.116.228 /shiyantp/index.php/Home/Index/jm.html
INFO: [ app_init ] --START--
INFO: Run Behavior\BuildLiteBehavior [ RunTime:0.000000s ]
INFO: [ app_init ] --END-- [ RunTime:0.000000s ]
INFO: [ app_begin ] --START--
INFO: Run Behavior\ReadHtmlCacheBehavior [ RunTime:0.000000s ]
INFO: [ app_begin ] --END-- [ RunTime:0.000000s ]
NOTIC: [8] Use of undefined constant TOKEN - assumed 'TOKEN' C:\WWW\test\shiyantp\aimeiya\Home\Controller\IndexController.class.php 第 132 行.
NOTIC: [8] Undefined index: lng C:\WWW\test\shiyantp\aimeiya\Home\Controller\IndexController.class.php 第 29 行.
NOTIC: [8] Undefined variable: curl C:\WWW\test\shiyantp\aimeiya\Home\Controller\IndexController.class.php 第 114 行.
NOTIC: [2] curl_setopt() expects parameter 1 to be resource, null given C:\WWW\test\shiyantp\aimeiya\Home\Controller\IndexController.class.php 第 114 行.
NOTIC: [8] Undefined variable: data C:\WWW\test\shiyantp\aimeiya\Home\Controller\IndexController.class.php 第 118 行.

[ 2016-02-24T13:44:33+08:00 ] 101.81.116.228 /shiyantp/
INFO: [ app_init ] --START--
INFO: Run Behavior\BuildLiteBehavior [ RunTime:0.000000s ]
INFO: [ app_init ] --END-- [ RunTime:0.000000s ]
INFO: [ app_begin ] --START--
INFO: Run Behavior\ReadHtmlCacheBehavior [ RunTime:0.000000s ]
INFO: [ app_begin ] --END-- [ RunTime:0.000000s ]
INFO: [ view_parse ] --START--
INFO: [ template_filter ] --START--
INFO: Run Behavior\ContentReplaceBehavior [ RunTime:0.000000s ]
INFO: [ template_filter ] --END-- [ RunTime:0.000000s ]
INFO: Run Behavior\ParseTemplateBehavior [ RunTime:0.000000s ]
INFO: [ view_parse ] --END-- [ RunTime:0.015625s ]
INFO: [ view_filter ] --START--
INFO: Run Behavior\WriteHtmlCacheBehavior [ RunTime:0.000000s ]
INFO: [ view_filter ] --END-- [ RunTime:0.000000s ]
INFO: [ app_end ] --START--
INFO: Run Behavior\ShowPageTraceBehavior [ RunTime:0.000000s ]
INFO: [ app_end ] --END-- [ RunTime:0.000000s ]

[ 2016-02-24T13:44:34+08:00 ] 101.81.116.228 /shiyantp/index.php/Home/Index/jm.html
INFO: [ app_init ] --START--
INFO: Run Behavior\BuildLiteBehavior [ RunTime:0.000000s ]
INFO: [ app_init ] --END-- [ RunTime:0.000000s ]
INFO: [ app_begin ] --START--
INFO: Run Behavior\ReadHtmlCacheBehavior [ RunTime:0.000000s ]
INFO: [ app_begin ] --END-- [ RunTime:0.000000s ]
NOTIC: [8] Use of undefined constant TOKEN - assumed 'TOKEN' C:\WWW\test\shiyantp\aimeiya\Home\Controller\IndexController.class.php 第 132 行.
NOTIC: [8] Undefined index: lng C:\WWW\test\shiyantp\aimeiya\Home\Controller\IndexController.class.php 第 29 行.
NOTIC: [8] Undefined variable: curl C:\WWW\test\shiyantp\aimeiya\Home\Controller\IndexController.class.php 第 114 行.
NOTIC: [2] curl_setopt() expects parameter 1 to be resource, null given C:\WWW\test\shiyantp\aimeiya\Home\Controller\IndexController.class.php 第 114 行.
NOTIC: [8] Undefined variable: data C:\WWW\test\shiyantp\aimeiya\Home\Controller\IndexController.class.php 第 118 行.
NOTIC: [8] Undefined index: lng C:\WWW\test\shiyantp\aimeiya\Home\Controller\IndexController.class.php 第 31 行.

[ 2016-02-24T13:45:54+08:00 ] 101.81.116.228 /shiyantp/
INFO: [ app_init ] --START--
INFO: Run Behavior\BuildLiteBehavior [ RunTime:0.000000s ]
INFO: [ app_init ] --END-- [ RunTime:0.000000s ]
INFO: [ app_begin ] --START--
INFO: Run Behavior\ReadHtmlCacheBehavior [ RunTime:0.000000s ]
INFO: [ app_begin ] --END-- [ RunTime:0.000000s ]
INFO: [ view_parse ] --START--
INFO: [ template_filter ] --START--
INFO: Run Behavior\ContentReplaceBehavior [ RunTime:0.000000s ]
INFO: [ template_filter ] --END-- [ RunTime:0.000000s ]
INFO: Run Behavior\ParseTemplateBehavior [ RunTime:0.015625s ]
INFO: [ view_parse ] --END-- [ RunTime:0.015625s ]
INFO: [ view_filter ] --START--
INFO: Run Behavior\WriteHtmlCacheBehavior [ RunTime:0.000000s ]
INFO: [ view_filter ] --END-- [ RunTime:0.000000s ]
INFO: [ app_end ] --START--
INFO: Run Behavior\ShowPageTraceBehavior [ RunTime:0.000000s ]
INFO: [ app_end ] --END-- [ RunTime:0.000000s ]

[ 2016-02-24T13:45:55+08:00 ] 101.81.116.228 /shiyantp/index.php/Home/Index/jm.html
INFO: [ app_init ] --START--
INFO: Run Behavior\BuildLiteBehavior [ RunTime:0.000000s ]
INFO: [ app_init ] --END-- [ RunTime:0.000000s ]
INFO: [ app_begin ] --START--
INFO: Run Behavior\ReadHtmlCacheBehavior [ RunTime:0.000000s ]
INFO: [ app_begin ] --END-- [ RunTime:0.000000s ]
NOTIC: [8] Use of undefined constant TOKEN - assumed 'TOKEN' C:\WWW\test\shiyantp\aimeiya\Home\Controller\IndexController.class.php 第 132 行.
NOTIC: [8] Undefined variable: curl C:\WWW\test\shiyantp\aimeiya\Home\Controller\IndexController.class.php 第 114 行.
NOTIC: [2] curl_setopt() expects parameter 1 to be resource, null given C:\WWW\test\shiyantp\aimeiya\Home\Controller\IndexController.class.php 第 114 行.
NOTIC: [8] Undefined variable: data C:\WWW\test\shiyantp\aimeiya\Home\Controller\IndexController.class.php 第 118 行.

